[HPM] Proxy created: /wx  ->  http://flower.wx.wurim.com/wx
[HPM] Proxy rewrite rule created: "^/wx" ~> ""
[HPM] Proxy created: /url  ->  http://
[HPM] Proxy rewrite rule created: "^/url" ~> ""
Listening at http://localhost:9001

webpack built ca8c2a55503c8d09d9a9 in 20679ms
Hash: [1mca8c2a55503c8d09d9a9[22m
Version: webpack [1m1.13.2[22m
Time: [1m20679[22mms
     [1mAsset[22m       [1mSize[22m  [1mChunks[22m  [1m[22m           [1mChunk Names[22m
    [1m[32m8.8.js[39m[22m     174 kB       [1m8[22m  [1m[32m[emitted][39m[22m  
    [1m[32m0.0.js[39m[22m    2.52 MB       [1m0[22m  [1m[32m[emitted][39m[22m  
    [1m[32m2.2.js[39m[22m     258 kB       [1m2[22m  [1m[32m[emitted][39m[22m  
    [1m[32m3.3.js[39m[22m      80 kB       [1m3[22m  [1m[32m[emitted][39m[22m  
    [1m[32m4.4.js[39m[22m     105 kB       [1m4[22m  [1m[32m[emitted][39m[22m  
    [1m[32m5.5.js[39m[22m    79.6 kB       [1m5[22m  [1m[32m[emitted][39m[22m  
    [1m[32m6.6.js[39m[22m     304 kB       [1m6[22m  [1m[32m[emitted][39m[22m  
    [1m[32m7.7.js[39m[22m    69.9 kB       [1m7[22m  [1m[32m[emitted][39m[22m  
    [1m[32mapp.js[39m[22m    1.89 MB       [1m1[22m  [1m[32m[emitted][39m[22m  app
    [1m[32m9.9.js[39m[22m     177 kB       [1m9[22m  [1m[32m[emitted][39m[22m  
  [1m[32m10.10.js[39m[22m    40.7 kB      [1m10[22m  [1m[32m[emitted][39m[22m  
  [1m[32m11.11.js[39m[22m    1.04 MB      [1m11[22m  [1m[32m[emitted][39m[22m  
  [1m[32m12.12.js[39m[22m    71.3 kB      [1m12[22m  [1m[32m[emitted][39m[22m  
  [1m[32m13.13.js[39m[22m      53 kB      [1m13[22m  [1m[32m[emitted][39m[22m  
  [1m[32m14.14.js[39m[22m     894 kB      [1m14[22m  [1m[32m[emitted][39m[22m  
  [1m[32m15.15.js[39m[22m    27.3 kB      [1m15[22m  [1m[32m[emitted][39m[22m  
[1m[32mindex.html[39m[22m  347 bytes        [1m[22m  [1m[32m[emitted][39m[22m  
Child [1mhtml-webpack-plugin for "index.html"[22m:
         [1mAsset[22m     [1mSize[22m  [1mChunks[22m  [1m[22m     [1mChunk Names[22m
    [1m[32mindex.html[39m[22m  21.7 kB       [1m0[22m  [1m[32m[39m[22m     
webpack: bundle is now VALID.
webpack: bundle is now INVALID.
webpack building...
webpack built 08749a46905255d64a5a in 6244ms
Hash: [1m08749a46905255d64a5a[22m
Version: webpack [1m1.13.2[22m
Time: [1m6244[22mms
                               [1mAsset[22m      [1mSize[22m  [1mChunks[22m  [1m[22m     [1mChunk Names[22m
                            [1m[32m24.24.js[39m[22m    177 kB      [1m24[22m  [1m[32m[39m[22m     
                              [1m[32mapp.js[39m[22m   2.02 MB       [1m1[22m  [1m[32m[39m[22m     app
                            [1m[32m17.17.js[39m[22m    298 kB      [1m17[22m  [1m[32m[39m[22m     
                            [1m[32m18.18.js[39m[22m     80 kB      [1m18[22m  [1m[32m[39m[22m     
                            [1m[32m19.19.js[39m[22m    105 kB      [1m19[22m  [1m[32m[39m[22m     
                            [1m[32m20.20.js[39m[22m   79.7 kB      [1m20[22m  [1m[32m[39m[22m     
                            [1m[32m21.21.js[39m[22m    304 kB      [1m21[22m  [1m[32m[39m[22m     
                            [1m[32m22.22.js[39m[22m   69.9 kB      [1m22[22m  [1m[32m[39m[22m     
                            [1m[32m23.23.js[39m[22m    175 kB      [1m23[22m  [1m[32m[39m[22m     
                            [1m[32m16.16.js[39m[22m   2.52 MB      [1m16[22m  [1m[32m[39m[22m     
                            [1m[32m25.25.js[39m[22m   41.7 kB      [1m25[22m  [1m[32m[39m[22m     
                            [1m[32m26.26.js[39m[22m   1.04 MB      [1m26[22m  [1m[32m[39m[22m     
                            [1m[32m27.27.js[39m[22m   71.3 kB      [1m27[22m  [1m[32m[39m[22m     
                            [1m[32m28.28.js[39m[22m     53 kB      [1m28[22m  [1m[32m[39m[22m     
                            [1m[32m29.29.js[39m[22m    894 kB      [1m29[22m  [1m[32m[39m[22m     
                            [1m[32m30.30.js[39m[22m   29.2 kB      [1m30[22m  [1m[32m[39m[22m     
                            [1m[32m31.31.js[39m[22m   27.3 kB      [1m31[22m  [1m[32m[39m[22m     
[1m[32m1.ca8c2a55503c8d09d9a9.hot-update.js[39m[22m    182 kB       [1m1[22m  [1m[32m[39m[22m     app
[1m[32mca8c2a55503c8d09d9a9.hot-update.json[39m[22m  36 bytes        [1m[22m  [1m[32m[39m[22m     

[1m[31mERROR in ./src/main.js
Module not found: Error: Cannot resolve 'file' or 'directory' ./views/feedback.vue in /root/vux-wechat-flower/src
 @ ./src/main.js 175:6-48[39m[22m
Child [1mhtml-webpack-plugin for "index.html"[22m:
         [1mAsset[22m     [1mSize[22m  [1mChunks[22m  [1m[22m     [1mChunk Names[22m
    [1m[32mindex.html[39m[22m  21.7 kB       [1m0[22m  [1m[32m[39m[22m     
webpack: bundle is now VALID.
